android/app/build/intermediates/manifest_merge_blame_file/release/processReleaseMainManifest/manifest-merger-blame-release-report.txt
1<?xml version="1.0" encoding="utf-8"?>
2<manifest xmlns:android="http://schemas.android.com/apk/res/android"
3    package="com.fundview.mf"
4    android:versionCode="5"
5    android:versionName="2.2" >
6
7    <uses-sdk
8        android:minSdkVersion="24"
9        android:targetSdkVersion="36" />
10
11    <uses-permission android:name="android.permission.INTERNET" />
11-->src/main/AndroidManifest.xml:3:5-67
11-->src/main/AndroidManifest.xml:3:22-64
12    <uses-permission android:name="android.permission.VIBRATE" />
12-->src/main/AndroidManifest.xml:4:5-66
12-->src/main/AndroidManifest.xml:4:22-63
13    <uses-permission android:name="android.permission.USE_BIOMETRIC" />
13-->src/main/AndroidManifest.xml:5:5-72
13-->src/main/AndroidManifest.xml:5:22-69
14
15    <!-- Scoped storage permissions -->
16    <uses-permission android:name="android.permission.READ_MEDIA_IMAGES" />
16-->src/main/AndroidManifest.xml:8:5-76
16-->src/main/AndroidManifest.xml:8:22-73
17    <uses-permission android:name="android.permission.READ_MEDIA_VIDEO" />
17-->src/main/AndroidManifest.xml:9:5-75
17-->src/main/AndroidManifest.xml:9:22-72
18    <uses-permission android:name="android.permission.READ_MEDIA_AUDIO" />
18-->src/main/AndroidManifest.xml:10:5-75
18-->src/main/AndroidManifest.xml:10:22-72
19    <uses-permission android:name="android.permission.READ_EXTERNAL_STORAGE" />
19-->src/main/AndroidManifest.xml:11:5-80
19-->src/main/AndroidManifest.xml:11:22-77
20
21    <queries>
21-->[:react-native-webview] AndroidManifest.xml:7:5-17:15
22        <intent>
22-->[:react-native-webview] AndroidManifest.xml:8:9-10:18
23            <action android:name="org.chromium.intent.action.PAY" />
23-->[:react-native-webview] AndroidManifest.xml:9:13-69
23-->[:react-native-webview] AndroidManifest.xml:9:21-66
24        </intent>
25        <intent>
25-->[:react-native-webview] AndroidManifest.xml:11:9-13:18
26            <action android:name="org.chromium.intent.action.IS_READY_TO_PAY" />
26-->[:react-native-webview] AndroidManifest.xml:12:13-81
26-->[:react-native-webview] AndroidManifest.xml:12:21-78
27        </intent>
28        <intent>
28-->[:react-native-webview] AndroidManifest.xml:14:9-16:18
29            <action android:name="org.chromium.intent.action.UPDATE_PAYMENT_DETAILS" />
29-->[:react-native-webview] AndroidManifest.xml:15:13-88
29-->[:react-native-webview] AndroidManifest.xml:15:21-85
30        </intent>
31        <intent>
31-->[:react-native-inappbrowser-reborn] AndroidManifest.xml:10:9-12:18
32            <action android:name="android.support.customtabs.action.CustomTabsService" />
32-->[:react-native-inappbrowser-reborn] AndroidManifest.xml:11:13-90
32-->[:react-native-inappbrowser-reborn] AndroidManifest.xml:11:21-87
33        </intent>
34    </queries>
35
36    <uses-permission android:name="android.permission.USE_FINGERPRINT" />
36-->[:react-native-biometrics] AndroidManifest.xml:8:5-74
36-->[:react-native-biometrics] AndroidManifest.xml:8:22-71
37    <uses-permission android:name="android.permission.WRITE_EXTERNAL_STORAGE" /> <!-- Required to access Google Play Licensing -->
37-->[:react-native-fs] AndroidManifest.xml:7:5-81
37-->[:react-native-fs] AndroidManifest.xml:7:22-78
38    <uses-permission android:name="com.android.vending.CHECK_LICENSE" />
38-->[:rn-fetch-blob] AndroidManifest.xml:8:5-73
38-->[:rn-fetch-blob] AndroidManifest.xml:8:22-70
39    <!--
40         Required to keep CPU alive while downloading files
41        (NOT to keep screen awake)
42    -->
43    <uses-permission android:name="android.permission.WAKE_LOCK" />
43-->[:rn-fetch-blob] AndroidManifest.xml:17:5-68
43-->[:rn-fetch-blob] AndroidManifest.xml:17:22-65
44    <!--
45         Required to poll the state of the network connection
46        and respond to changes
47    -->
48    <uses-permission android:name="android.permission.ACCESS_NETWORK_STATE" /> <!-- Required to check whether Wi-Fi is enabled -->
48-->[:rn-fetch-blob] AndroidManifest.xml:23:5-79
48-->[:rn-fetch-blob] AndroidManifest.xml:23:22-76
49    <uses-permission android:name="android.permission.ACCESS_WIFI_STATE" />
49-->[:rn-fetch-blob] AndroidManifest.xml:26:5-76
49-->[:rn-fetch-blob] AndroidManifest.xml:26:22-73
50
51    <permission
51-->[androidx.core:core:1.16.0] AndroidManifest.xml:22:5-24:47
52        android:name="com.fundview.mf.DYNAMIC_RECEIVER_NOT_EXPORTED_PERMISSION"
52-->[androidx.core:core:1.16.0] AndroidManifest.xml:23:9-81
53        android:protectionLevel="signature" />
53-->[androidx.core:core:1.16.0] AndroidManifest.xml:24:9-44
54
55    <uses-permission android:name="com.fundview.mf.DYNAMIC_RECEIVER_NOT_EXPORTED_PERMISSION" />
55-->[androidx.core:core:1.16.0] AndroidManifest.xml:26:5-97
55-->[androidx.core:core:1.16.0] AndroidManifest.xml:26:22-94
56    <uses-permission android:name="com.google.android.finsky.permission.BIND_GET_INSTALL_REFERRER_SERVICE" />
56-->[com.android.installreferrer:installreferrer:1.1.2] AndroidManifest.xml:9:5-110
56-->[com.android.installreferrer:installreferrer:1.1.2] AndroidManifest.xml:9:22-107
57
58    <application
58-->src/main/AndroidManifest.xml:13:5-43:19
59        android:name="com.fundview.mf.MainApplication"
59-->src/main/AndroidManifest.xml:14:9-40
60        android:allowBackup="false"
60-->src/main/AndroidManifest.xml:18:9-36
61        android:appComponentFactory="androidx.core.app.CoreComponentFactory"
61-->[androidx.core:core:1.16.0] AndroidManifest.xml:28:18-86
62        android:extractNativeLibs="false"
63        android:icon="@mipmap/ic_launcher"
63-->src/main/AndroidManifest.xml:16:9-43
64        android:label="@string/app_name"
64-->src/main/AndroidManifest.xml:15:9-41
65        android:roundIcon="@mipmap/ic_launcher_round"
65-->src/main/AndroidManifest.xml:17:9-54
66        android:supportsRtl="true"
66-->src/main/AndroidManifest.xml:20:9-35
67        android:theme="@style/AppTheme" >
67-->src/main/AndroidManifest.xml:19:9-40
68        <activity
68-->src/main/AndroidManifest.xml:22:9-42:20
69            android:name="com.fundview.mf.MainActivity"
69-->src/main/AndroidManifest.xml:23:13-41
70            android:configChanges="keyboard|keyboardHidden|orientation|screenLayout|screenSize|smallestScreenSize|uiMode"
70-->src/main/AndroidManifest.xml:26:13-122
71            android:exported="true"
71-->src/main/AndroidManifest.xml:29:13-36
72            android:label="@string/app_name"
72-->src/main/AndroidManifest.xml:24:13-45
73            android:launchMode="singleTask"
73-->src/main/AndroidManifest.xml:27:13-44
74            android:screenOrientation="portrait"
74-->src/main/AndroidManifest.xml:25:13-49
75            android:windowLayoutInDisplayCutoutMode="shortEdges"
75-->src/main/AndroidManifest.xml:30:13-65
76            android:windowSoftInputMode="adjustResize" >
76-->src/main/AndroidManifest.xml:28:13-55
77
78            <!-- Optional: translucent status bar -->
79            <meta-data
79-->src/main/AndroidManifest.xml:33:13-35:40
80                android:name="android.window.translucentStatus"
80-->src/main/AndroidManifest.xml:34:17-64
81                android:value="true" />
81-->src/main/AndroidManifest.xml:35:17-37
82
83            <intent-filter>
83-->src/main/AndroidManifest.xml:37:13-40:29
84                <action android:name="android.intent.action.MAIN" />
84-->src/main/AndroidManifest.xml:38:17-69
84-->src/main/AndroidManifest.xml:38:25-66
85
86                <category android:name="android.intent.category.LAUNCHER" />
86-->src/main/AndroidManifest.xml:39:17-77
86-->src/main/AndroidManifest.xml:39:27-74
87            </intent-filter>
88        </activity>
89
90        <provider
90-->[:react-native-webview] AndroidManifest.xml:20:9-28:20
91            android:name="com.reactnativecommunity.webview.RNCWebViewFileProvider"
91-->[:react-native-webview] AndroidManifest.xml:21:13-83
92            android:authorities="com.fundview.mf.fileprovider"
92-->[:react-native-webview] AndroidManifest.xml:22:13-64
93            android:exported="false"
93-->[:react-native-webview] AndroidManifest.xml:23:13-37
94            android:grantUriPermissions="true" >
94-->[:react-native-webview] AndroidManifest.xml:24:13-47
95            <meta-data
95-->[:react-native-webview] AndroidManifest.xml:25:13-27:63
96                android:name="android.support.FILE_PROVIDER_PATHS"
96-->[:react-native-webview] AndroidManifest.xml:26:17-67
97                android:resource="@xml/file_provider_paths" />
97-->[:react-native-webview] AndroidManifest.xml:27:17-60
98        </provider>
99        <provider
99-->[:react-native-file-viewer] AndroidManifest.xml:8:9-16:20
100            android:name="com.vinzscam.reactnativefileviewer.FileProvider"
100-->[:react-native-file-viewer] AndroidManifest.xml:9:13-75
101            android:authorities="com.fundview.mf.provider"
101-->[:react-native-file-viewer] AndroidManifest.xml:10:13-60
102            android:exported="false"
102-->[:react-native-file-viewer] AndroidManifest.xml:11:13-37
103            android:grantUriPermissions="true" >
103-->[:react-native-file-viewer] AndroidManifest.xml:12:13-47
104            <meta-data
104-->[:react-native-webview] AndroidManifest.xml:25:13-27:63
105                android:name="android.support.FILE_PROVIDER_PATHS"
105-->[:react-native-webview] AndroidManifest.xml:26:17-67
106                android:resource="@xml/file_viewer_provider_paths" />
106-->[:react-native-webview] AndroidManifest.xml:27:17-60
107        </provider>
108
109        <activity
109-->[:react-native-inappbrowser-reborn] AndroidManifest.xml:16:9-19:20
110            android:name="com.proyecto26.inappbrowser.ChromeTabsManagerActivity"
110-->[:react-native-inappbrowser-reborn] AndroidManifest.xml:17:13-81
111            android:exported="false" >
111-->[:react-native-inappbrowser-reborn] AndroidManifest.xml:18:13-37
112        </activity>
113
114        <provider
114-->[:rn-fetch-blob] AndroidManifest.xml:32:9-40:20
115            android:name="com.RNFetchBlob.Utils.FileProvider"
115-->[:rn-fetch-blob] AndroidManifest.xml:33:13-62
116            android:authorities="com.fundview.mf.provider"
116-->[:rn-fetch-blob] AndroidManifest.xml:34:13-60
117            android:exported="false"
117-->[:rn-fetch-blob] AndroidManifest.xml:35:13-37
118            android:grantUriPermissions="true" >
118-->[:rn-fetch-blob] AndroidManifest.xml:36:13-47
119            <meta-data
119-->[:react-native-webview] AndroidManifest.xml:25:13-27:63
120                android:name="android.support.FILE_PROVIDER_PATHS"
120-->[:react-native-webview] AndroidManifest.xml:26:17-67
121                android:resource="@xml/provider_paths" />
121-->[:react-native-webview] AndroidManifest.xml:27:17-60
122        </provider>
123        <provider
123-->[androidx.emoji2:emoji2:1.3.0] AndroidManifest.xml:24:9-32:20
124            android:name="androidx.startup.InitializationProvider"
124-->[androidx.emoji2:emoji2:1.3.0] AndroidManifest.xml:25:13-67
125            android:authorities="com.fundview.mf.androidx-startup"
125-->[androidx.emoji2:emoji2:1.3.0] AndroidManifest.xml:26:13-68
126            android:exported="false" >
126-->[androidx.emoji2:emoji2:1.3.0] AndroidManifest.xml:27:13-37
127            <meta-data
127-->[androidx.emoji2:emoji2:1.3.0] AndroidManifest.xml:29:13-31:52
128                android:name="androidx.emoji2.text.EmojiCompatInitializer"
128-->[androidx.emoji2:emoji2:1.3.0] AndroidManifest.xml:30:17-75
129                android:value="androidx.startup" />
129-->[androidx.emoji2:emoji2:1.3.0] AndroidManifest.xml:31:17-49
130            <meta-data
130-->[androidx.lifecycle:lifecycle-process:2.6.2] AndroidManifest.xml:29:13-31:52
131                android:name="androidx.lifecycle.ProcessLifecycleInitializer"
131-->[androidx.lifecycle:lifecycle-process:2.6.2] AndroidManifest.xml:30:17-78
132                android:value="androidx.startup" />
132-->[androidx.lifecycle:lifecycle-process:2.6.2] AndroidManifest.xml:31:17-49
133            <meta-data
133-->[androidx.profileinstaller:profileinstaller:1.3.1] AndroidManifest.xml:29:13-31:52
134                android:name="androidx.profileinstaller.ProfileInstallerInitializer"
134-->[androidx.profileinstaller:profileinstaller:1.3.1] AndroidManifest.xml:30:17-85
135                android:value="androidx.startup" />
135-->[androidx.profileinstaller:profileinstaller:1.3.1] AndroidManifest.xml:31:17-49
136        </provider>
137
138        <receiver
138-->[androidx.profileinstaller:profileinstaller:1.3.1] AndroidManifest.xml:34:9-52:20
139            android:name="androidx.profileinstaller.ProfileInstallReceiver"
139-->[androidx.profileinstaller:profileinstaller:1.3.1] AndroidManifest.xml:35:13-76
140            android:directBootAware="false"
140-->[androidx.profileinstaller:profileinstaller:1.3.1] AndroidManifest.xml:36:13-44
141            android:enabled="true"
141-->[androidx.profileinstaller:profileinstaller:1.3.1] AndroidManifest.xml:37:13-35
142            android:exported="true"
142-->[androidx.profileinstaller:profileinstaller:1.3.1] AndroidManifest.xml:38:13-36
143            android:permission="android.permission.DUMP" >
143-->[androidx.profileinstaller:profileinstaller:1.3.1] AndroidManifest.xml:39:13-57
144            <intent-filter>
144-->[androidx.profileinstaller:profileinstaller:1.3.1] AndroidManifest.xml:40:13-42:29
145                <action android:name="androidx.profileinstaller.action.INSTALL_PROFILE" />
145-->[androidx.profileinstaller:profileinstaller:1.3.1] AndroidManifest.xml:41:17-91
145-->[androidx.profileinstaller:profileinstaller:1.3.1] AndroidManifest.xml:41:25-88
146            </intent-filter>
147            <intent-filter>
147-->[androidx.profileinstaller:profileinstaller:1.3.1] AndroidManifest.xml:43:13-45:29
148                <action android:name="androidx.profileinstaller.action.SKIP_FILE" />
148-->[androidx.profileinstaller:profileinstaller:1.3.1] AndroidManifest.xml:44:17-85
148-->[androidx.profileinstaller:profileinstaller:1.3.1] AndroidManifest.xml:44:25-82
149            </intent-filter>
150            <intent-filter>
150-->[androidx.profileinstaller:profileinstaller:1.3.1] AndroidManifest.xml:46:13-48:29
151                <action android:name="androidx.profileinstaller.action.SAVE_PROFILE" />
151-->[androidx.profileinstaller:profileinstaller:1.3.1] AndroidManifest.xml:47:17-88
151-->[androidx.profileinstaller:profileinstaller:1.3.1] AndroidManifest.xml:47:25-85
152            </intent-filter>
153            <intent-filter>
153-->[androidx.profileinstaller:profileinstaller:1.3.1] AndroidManifest.xml:49:13-51:29
154                <action android:name="androidx.profileinstaller.action.BENCHMARK_OPERATION" />
154-->[androidx.profileinstaller:profileinstaller:1.3.1] AndroidManifest.xml:50:17-95
154-->[androidx.profileinstaller:profileinstaller:1.3.1] AndroidManifest.xml:50:25-92
155            </intent-filter>
156        </receiver>
157
158        <meta-data
158-->[com.facebook.soloader:soloader:0.12.1] AndroidManifest.xml:12:9-14:37
159            android:name="com.facebook.soloader.enabled"
159-->[com.facebook.soloader:soloader:0.12.1] AndroidManifest.xml:13:13-57
160            android:value="false" />
160-->[com.facebook.soloader:soloader:0.12.1] AndroidManifest.xml:14:13-34
161    </application>
162
163</manifest>